<?xml version="1.0" encoding="UTF-8"?>
<!-- Generated by org.testng.reporters.JUnitXMLReporter -->
<testsuite ignored="0" hostname="NV_YENTT" failures="0" tests="6" name="Run on hChrome" time="6.902" errors="0" timestamp="09 Apr 2023 09:23:57 GMT">
  <testcase classname="com.nopcommerce.user.Level_04_Run_On_Multi_Browser" name="@BeforeClass beforeClass" time="6.876">
    <failure type="java.lang.RuntimeException" message="Locator type is not supported!">
      <![CDATA[java.lang.RuntimeException: Locator type is not supported!
at commons.BasePage.getByLocator(BasePage.java:221)
at commons.BasePage.getWebElement(BasePage.java:226)
at commons.BasePage.sendKeyToElement(BasePage.java:247)
at pageObjects.nopCommerce.user.UserRegisterPageObject.inputToFirstnameTextbox(UserRegisterPageObject.java:60)
at com.nopcommerce.user.Level_04_Run_On_Multi_Browser.beforeClass(Level_04_Run_On_Multi_Browser.java:47)
... Removed 26 stack frames]]>
    </failure>
  </testcase> <!-- @BeforeClass beforeClass -->
  <testcase classname="com.nopcommerce.user.Level_04_Run_On_Multi_Browser" name="@AfterClass afterClass" time="0.0">
    <skipped/>
  </testcase> <!-- @AfterClass afterClass -->
  <testcase classname="com.nopcommerce.user.Level_04_Run_On_Multi_Browser" name="Login_01_Empty_Data" time="0.0">
    <skipped/>
  </testcase> <!-- Login_01_Empty_Data -->
  <testcase classname="com.nopcommerce.user.Level_04_Run_On_Multi_Browser" name="Login_02_Invalid_Email" time="0.0">
    <skipped/>
  </testcase> <!-- Login_02_Invalid_Email -->
  <testcase classname="com.nopcommerce.user.Level_04_Run_On_Multi_Browser" name="TC_03_Login_Unregisted_Email" time="0.0">
    <skipped/>
  </testcase> <!-- TC_03_Login_Unregisted_Email -->
  <testcase classname="com.nopcommerce.user.Level_04_Run_On_Multi_Browser" name="TC_04_Login_Registerd_Email_Empty_Password" time="0.0">
    <skipped/>
  </testcase> <!-- TC_04_Login_Registerd_Email_Empty_Password -->
  <testcase classname="com.nopcommerce.user.Level_04_Run_On_Multi_Browser" name="TC_05_Login_Registerd_Email_Incorrected_Password" time="0.0">
    <skipped/>
  </testcase> <!-- TC_05_Login_Registerd_Email_Incorrected_Password -->
  <testcase classname="com.nopcommerce.user.Level_04_Run_On_Multi_Browser" name="TC_06_Login_Success" time="0.0">
    <skipped/>
  </testcase> <!-- TC_06_Login_Success -->
</testsuite> <!-- Run on hChrome -->
