<?xml version="1.0" encoding="UTF-8"?>
<!-- Generated by org.testng.reporters.JUnitXMLReporter -->
<testsuite ignored="0" hostname="NV_YENTT" failures="1" tests="3" name="Run on Chrome" time="20.167" errors="0" timestamp="22 Apr 2023 02:21:40 GMT">
  <testcase classname="com.nopcommerce.user.Level_18_P1_Pattern_Object" name="User_01_Register" time="5.903"/>
  <testcase classname="com.nopcommerce.user.Level_18_P1_Pattern_Object" name="User_02_Login" time="2.513"/>
  <testcase classname="com.nopcommerce.user.Level_18_P1_Pattern_Object" name="User_03_My_Account" time="0.604">
    <failure type="java.lang.RuntimeException" message="Locator type is not supported!">
      <![CDATA[java.lang.RuntimeException: Locator type is not supported!
at commons.BasePage.getByLocator(BasePage.java:318)
at commons.BasePage.getWebElement(BasePage.java:323)
at commons.BasePage.isElementDisplayed(BasePage.java:416)
at pageObjects.nopCommerce.user.UserCustomerInforPageObject.isCustomerInforPageDisplayed(UserCustomerInforPageObject.java:18)
at com.nopcommerce.user.Level_18_P1_Pattern_Object.User_03_My_Account(Level_18_P1_Pattern_Object.java:115)
... Removed 25 stack frames]]>
    </failure>
  </testcase> <!-- User_03_My_Account -->
</testsuite> <!-- Run on Chrome -->
