<?xml version="1.0" encoding="UTF-8"?>
<testng-results ignored="0" total="3" passed="2" failed="1" skipped="0">
  <reporter-output>
  </reporter-output>
  <suite started-at="2023-07-29T10:13:58Z" name="SauceLab - Sort" finished-at="2023-07-29T10:14:12Z" duration-ms="14564">
    <groups>
    </groups>
    <test started-at="2023-07-29T10:13:58Z" name="Run on Chrome" finished-at="2023-07-29T10:14:12Z" duration-ms="14564">
      <class name="com.nopcommerce.user.Level_20_Manage_Data_Part_IV">
        <test-method is-config="true" signature="initBeforeSuite()[pri:0, instance:com.nopcommerce.user.Level_20_Manage_Data_Part_IV@3d9c13b5]" started-at="2023-07-29T10:13:57Z" name="initBeforeSuite" finished-at="2023-07-29T10:13:58Z" duration-ms="54" status="PASS">
          <reporter-output>
          </reporter-output>
        </test-method> <!-- initBeforeSuite -->
        <test-method is-config="true" signature="beforeClass(java.lang.String)[pri:0, instance:com.nopcommerce.user.Level_20_Manage_Data_Part_IV@3d9c13b5]" started-at="2023-07-29T10:13:58Z" name="beforeClass" finished-at="2023-07-29T10:14:04Z" duration-ms="6459" status="PASS">
          <params>
            <param index="0">
              <value>
                <![CDATA[chrome]]>
              </value>
            </param>
          </params>
          <reporter-output>
          </reporter-output>
        </test-method> <!-- beforeClass -->
        <test-method signature="User_01_Register()[pri:0, instance:com.nopcommerce.user.Level_20_Manage_Data_Part_IV@3d9c13b5]" started-at="2023-07-29T10:14:04Z" name="User_01_Register" finished-at="2023-07-29T10:14:09Z" duration-ms="4651" status="PASS">
          <reporter-output>
          </reporter-output>
        </test-method> <!-- User_01_Register -->
        <test-method signature="User_02_Login()[pri:0, instance:com.nopcommerce.user.Level_20_Manage_Data_Part_IV@3d9c13b5]" started-at="2023-07-29T10:14:09Z" name="User_02_Login" finished-at="2023-07-29T10:14:11Z" duration-ms="1995" status="PASS">
          <reporter-output>
          </reporter-output>
        </test-method> <!-- User_02_Login -->
        <test-method signature="User_03_My_Account()[pri:0, instance:com.nopcommerce.user.Level_20_Manage_Data_Part_IV@3d9c13b5]" started-at="2023-07-29T10:14:11Z" name="User_03_My_Account" finished-at="2023-07-29T10:14:11Z" duration-ms="541" status="FAIL">
          <exception class="java.lang.RuntimeException">
            <message>
              <![CDATA[Locator type is not supported!]]>
            </message>
            <full-stacktrace>
              <![CDATA[java.lang.RuntimeException: Locator type is not supported!
at commons.BasePage.getByLocator(BasePage.java:328)
at commons.BasePage.getWebElement(BasePage.java:333)
at commons.BasePage.isElementDisplayed(BasePage.java:446)
at pageObjects.nopCommerce.user.UserCustomerInforPageObject.isCustomerInforPageDisplayed(UserCustomerInforPageObject.java:18)
at com.nopcommerce.user.Level_20_Manage_Data_Part_IV.User_03_My_Account(Level_20_Manage_Data_Part_IV.java:122)
at java.base/jdk.internal.reflect.NativeMethodAccessorImpl.invoke0(Native Method)
at java.base/jdk.internal.reflect.NativeMethodAccessorImpl.invoke(NativeMethodAccessorImpl.java:62)
at java.base/jdk.internal.reflect.DelegatingMethodAccessorImpl.invoke(DelegatingMethodAccessorImpl.java:43)
at java.base/java.lang.reflect.Method.invoke(Method.java:566)
at org.testng.internal.MethodInvocationHelper.invokeMethod(MethodInvocationHelper.java:124)
at org.testng.internal.Invoker.invokeMethod(Invoker.java:583)
at org.testng.internal.Invoker.invokeTestMethod(Invoker.java:719)
at org.testng.internal.Invoker.invokeTestMethods(Invoker.java:989)
at org.testng.internal.TestMethodWorker.invokeTestMethods(TestMethodWorker.java:125)
at org.testng.internal.TestMethodWorker.run(TestMethodWorker.java:109)
at org.testng.TestRunner.privateRun(TestRunner.java:648)
at org.testng.TestRunner.run(TestRunner.java:505)
at org.testng.SuiteRunner.runTest(SuiteRunner.java:455)
at org.testng.SuiteRunner.runSequentially(SuiteRunner.java:450)
at org.testng.SuiteRunner.privateRun(SuiteRunner.java:415)
at org.testng.SuiteRunner.run(SuiteRunner.java:364)
at org.testng.SuiteRunnerWorker.runSuite(SuiteRunnerWorker.java:52)
at org.testng.SuiteRunnerWorker.run(SuiteRunnerWorker.java:84)
at org.testng.TestNG.runSuitesSequentially(TestNG.java:1208)
at org.testng.TestNG.runSuitesLocally(TestNG.java:1137)
at org.testng.TestNG.runSuites(TestNG.java:1049)
at org.testng.TestNG.run(TestNG.java:1017)
at org.testng.remote.AbstractRemoteTestNG.run(AbstractRemoteTestNG.java:115)
at org.testng.remote.RemoteTestNG.initAndRun(RemoteTestNG.java:251)
at org.testng.remote.RemoteTestNG.main(RemoteTestNG.java:77)
]]>
            </full-stacktrace>
          </exception> <!-- java.lang.RuntimeException -->
          <reporter-output>
          </reporter-output>
        </test-method> <!-- User_03_My_Account -->
        <test-method is-config="true" signature="afterClass()[pri:0, instance:com.nopcommerce.user.Level_20_Manage_Data_Part_IV@3d9c13b5]" started-at="2023-07-29T10:14:11Z" name="afterClass" finished-at="2023-07-29T10:14:12Z" duration-ms="756" status="PASS">
          <reporter-output>
          </reporter-output>
        </test-method> <!-- afterClass -->
      </class> <!-- com.nopcommerce.user.Level_20_Manage_Data_Part_IV -->
    </test> <!-- Run on Chrome -->
  </suite> <!-- SauceLab - Sort -->
</testng-results>
